# JRE version: OpenJDK Runtime Environment (17.0.9) (build 17.0.9+0--11185874)
# Java VM: OpenJDK 64-Bit Server VM (17.0.9+0--11185874, mixed mode, tiered, compressed oops, compressed class ptrs, g1 gc, windows-amd64)
GC Precious Log:
 CPUs: 8 total, 8 available
 Memory: 8058M
 Large Page Support: Disabled
 NUMA Support: Disabled
 Compressed Oops: Enabled (32-bit)
 Heap Region Size: 1M
 Heap Min Capacity: 8M
 Heap Initial Capacity: 126M
 Heap Max Capacity: 2G
 Pre-touch: Disabled
 Parallel Workers: 8
 Concurrent Workers: 2
 Concurrent Refinement Workers: 8
 Periodic GC: Disabled
Heap:
 garbage-first heap   total 288768K, used 123190K [0x0000000080000000, 0x0000000100000000)
  region size 1024K, 4 young (4096K), 4 survivors (4096K)
 Metaspace       used 124940K, committed 125824K, reserved 1179648K
  class space    used 17399K, committed 17856K, reserved 1048576K
GC Heap History (20 events):
Event: 231.935 GC heap after
{Heap after GC invocations=53 (full 0):
 garbage-first heap   total 288768K, used 86983K [0x0000000080000000, 0x0000000100000000)
  region size 1024K, 11 young (11264K), 11 survivors (11264K)
 Metaspace       used 94148K, committed 94848K, reserved 1179648K
  class space    used 13084K, committed 13440K, reserved 1048576K
}
Event: 232.101 GC heap before
{Heap before GC invocations=53 (full 0):
 garbage-first heap   total 288768K, used 90055K [0x0000000080000000, 0x0000000100000000)
  region size 1024K, 14 young (14336K), 11 survivors (11264K)
 Metaspace       used 94208K, committed 94912K, reserved 1179648K
  class space    used 13089K, committed 13440K, reserved 1048576K
}
Event: 232.115 GC heap after
{Heap after GC invocations=54 (full 0):
 garbage-first heap   total 288768K, used 88361K [0x0000000080000000, 0x0000000100000000)
  region size 1024K, 2 young (2048K), 2 survivors (2048K)
 Metaspace       used 94208K, committed 94912K, reserved 1179648K
  class space    used 13089K, committed 13440K, reserved 1048576K
}
Event: 234.112 GC heap before
{Heap before GC invocations=54 (full 0):
 garbage-first heap   total 288768K, used 151849K [0x0000000080000000, 0x0000000100000000)
  region size 1024K, 66 young (67584K), 2 survivors (2048K)
 Metaspace       used 95307K, committed 96064K, reserved 1179648K
  class space    used 13188K, committed 13568K, reserved 1048576K
}
Event: 234.127 GC heap after
{Heap after GC invocations=55 (full 0):
 garbage-first heap   total 288768K, used 95093K [0x0000000080000000, 0x0000000100000000)
  region size 1024K, 9 young (9216K), 9 survivors (9216K)
 Metaspace       used 95307K, committed 96064K, reserved 1179648K
  class space    used 13188K, committed 13568K, reserved 1048576K
}
Event: 238.209 GC heap before
{Heap before GC invocations=56 (full 0):
 garbage-first heap   total 288768K, used 224117K [0x0000000080000000, 0x0000000100000000)
  region size 1024K, 131 young (134144K), 9 survivors (9216K)
 Metaspace       used 104691K, committed 105472K, reserved 1179648K
  class space    used 14220K, committed 14592K, reserved 1048576K
}
Event: 238.234 GC heap after
{Heap after GC invocations=57 (full 0):
 garbage-first heap   total 288768K, used 101427K [0x0000000080000000, 0x0000000100000000)
  region size 1024K, 15 young (15360K), 15 survivors (15360K)
 Metaspace       used 104691K, committed 105472K, reserved 1179648K
  class space    used 14220K, committed 14592K, reserved 1048576K
}
Event: 238.257 GC heap before
{Heap before GC invocations=57 (full 0):
 garbage-first heap   total 288768K, used 102451K [0x0000000080000000, 0x0000000100000000)
  region size 1024K, 16 young (16384K), 15 survivors (15360K)
 Metaspace       used 104774K, committed 105600K, reserved 1179648K
  class space    used 14227K, committed 14592K, reserved 1048576K
}
Event: 238.285 GC heap after
{Heap after GC invocations=58 (full 0):
 garbage-first heap   total 288768K, used 100179K [0x0000000080000000, 0x0000000100000000)
  region size 1024K, 2 young (2048K), 2 survivors (2048K)
 Metaspace       used 104774K, committed 105600K, reserved 1179648K
  class space    used 14227K, committed 14592K, reserved 1048576K
}
Event: 240.540 GC heap before
{Heap before GC invocations=58 (full 0):
 garbage-first heap   total 288768K, used 226131K [0x0000000080000000, 0x0000000100000000)
  region size 1024K, 126 young (129024K), 2 survivors (2048K)
 Metaspace       used 107117K, committed 107968K, reserved 1179648K
  class space    used 14545K, committed 14976K, reserved 1048576K
}
Event: 240.549 GC heap after
{Heap after GC invocations=59 (full 0):
 garbage-first heap   total 288768K, used 102778K [0x0000000080000000, 0x0000000100000000)
  region size 1024K, 5 young (5120K), 5 survivors (5120K)
 Metaspace       used 107117K, committed 107968K, reserved 1179648K
  class space    used 14545K, committed 14976K, reserved 1048576K
}
Event: 243.255 GC heap before
{Heap before GC invocations=60 (full 0):
 garbage-first heap   total 288768K, used 232826K [0x0000000080000000, 0x0000000100000000)
  region size 1024K, 131 young (134144K), 5 survivors (5120K)
 Metaspace       used 115393K, committed 116288K, reserved 1179648K
  class space    used 15810K, committed 16256K, reserved 1048576K
}
Event: 243.278 GC heap after
{Heap after GC invocations=61 (full 0):
 garbage-first heap   total 288768K, used 112964K [0x0000000080000000, 0x0000000100000000)
  region size 1024K, 15 young (15360K), 15 survivors (15360K)
 Metaspace       used 115393K, committed 116288K, reserved 1179648K
  class space    used 15810K, committed 16256K, reserved 1048576K
}
Event: 243.294 GC heap before
{Heap before GC invocations=61 (full 0):
 garbage-first heap   total 288768K, used 113988K [0x0000000080000000, 0x0000000100000000)
  region size 1024K, 16 young (16384K), 15 survivors (15360K)
 Metaspace       used 115414K, committed 116288K, reserved 1179648K
  class space    used 15811K, committed 16256K, reserved 1048576K
}
Event: 243.319 GC heap after
{Heap after GC invocations=62 (full 0):
 garbage-first heap   total 288768K, used 112693K [0x0000000080000000, 0x0000000100000000)
  region size 1024K, 2 young (2048K), 2 survivors (2048K)
 Metaspace       used 115414K, committed 116288K, reserved 1179648K
  class space    used 15811K, committed 16256K, reserved 1048576K
}
Event: 245.005 GC heap before
{Heap before GC invocations=62 (full 0):
 garbage-first heap   total 288768K, used 230453K [0x0000000080000000, 0x0000000100000000)
  region size 1024K, 118 young (120832K), 2 survivors (2048K)
 Metaspace       used 123272K, committed 124160K, reserved 1179648K
  class space    used 17231K, committed 17664K, reserved 1048576K
}
Event: 245.029 GC heap after
{Heap after GC invocations=63 (full 0):
 garbage-first heap   total 288768K, used 120540K [0x0000000080000000, 0x0000000100000000)
  region size 1024K, 10 young (10240K), 10 survivors (10240K)
 Metaspace       used 123272K, committed 124160K, reserved 1179648K
  class space    used 17231K, committed 17664K, reserved 1048576K
}
Event: 246.103 GC heap before
{Heap before GC invocations=63 (full 0):
 garbage-first heap   total 288768K, used 231132K [0x0000000080000000, 0x0000000100000000)
  region size 1024K, 119 young (121856K), 10 survivors (10240K)
 Metaspace       used 124572K, committed 125440K, reserved 1179648K
  class space    used 17371K, committed 17792K, reserved 1048576K
}
Event: 246.128 GC heap after
{Heap after GC invocations=64 (full 0):
 garbage-first heap   total 288768K, used 122793K [0x0000000080000000, 0x0000000100000000)
  region size 1024K, 3 young (3072K), 3 survivors (3072K)
 Metaspace       used 124572K, committed 125440K, reserved 1179648K
  class space    used 17371K, committed 17792K, reserved 1048576K
}
Event: 247.160 GC heap before
{Heap before GC invocations=64 (full 0):
 garbage-first heap   total 288768K, used 236457K [0x0000000080000000, 0x0000000100000000)
  region size 1024K, 114 young (116736K), 3 survivors (3072K)
 Metaspace       used 124940K, committed 125824K, reserved 1179648K
  class space    used 17399K, committed 17856K, reserved 1048576K
}

